<?xml version="1.0" encoding="UTF-8"?>
<!-- Generated by org.testng.reporters.JUnitReportReporter -->
<testsuite hostname="DESKTOP-OB8BAPB" failures="0" tests="2" name="com.testNG.CrossBrowserTesting" time="7.654" errors="0" timestamp="2023-08-11T11:51:00 IST" skipped="0">
  <testcase classname="com.testNG.CrossBrowserTesting" name="verifyTitle" time="3.461"/>
  <testcase classname="com.testNG.CrossBrowserTesting" name="verifyTitle" time="4.193"/>
</testsuite> <!-- com.testNG.CrossBrowserTesting -->
