<?xml version="1.0" encoding="UTF-8"?>
<!-- Generated by org.testng.reporters.JUnitReportReporter -->
<testsuite hostname="DESKTOP-OB8BAPB" failures="0" tests="1" name="com.Assingment.GreenKart_CheckDiscount_Annotaions" time="0.468" errors="0" timestamp="2023-08-08T17:53:46 IST" skipped="0">
  <testcase classname="com.Assingment.GreenKart_CheckDiscount_Annotaions" name="dicount" time="0.468"/>
</testsuite> <!-- com.Assingment.GreenKart_CheckDiscount_Annotaions -->
