<?xml version="1.0" encoding="UTF-8"?>
<!-- Generated by org.testng.reporters.JUnitReportReporter -->
<testsuite hostname="DESKTOP-OB8BAPB" failures="0" tests="1" name="com.testNG.TestNg_Group2" time="0.004" errors="0" timestamp="2023-08-09T12:22:34 IST" skipped="0">
  <testcase classname="com.testNG.TestNg_Group2" name="testCase6" time="0.004"/>
</testsuite> <!-- com.testNG.TestNg_Group2 -->
