<?xml version="1.0" encoding="UTF-8"?>
<!-- Generated by org.testng.reporters.JUnitReportReporter -->
<testsuite hostname="DESKTOP-OB8BAPB" failures="0" tests="1" name="com.testNG.ReadFileByApachePOI" time="1.028" errors="0" timestamp="2023-08-16T16:48:43 IST" skipped="0">
  <testcase classname="com.testNG.ReadFileByApachePOI" name="readFileByApache" time="1.028"/>
</testsuite> <!-- com.testNG.ReadFileByApachePOI -->
