<?xml version="1.0" encoding="UTF-8"?>
<!-- Generated by org.testng.reporters.JUnitReportReporter -->
<testsuite hostname="DESKTOP-OB8BAPB" failures="0" tests="1" name="com.Assingment.GreenKartDiscount_ForNextPage" time="0.457" errors="0" timestamp="2023-08-09T12:00:58 IST" skipped="0">
  <testcase classname="com.Assingment.GreenKartDiscount_ForNextPage" name="page2" time="0.457"/>
</testsuite> <!-- com.Assingment.GreenKartDiscount_ForNextPage -->
