<?xml version="1.0" encoding="UTF-8"?>
<!-- Generated by org.testng.reporters.JUnitReportReporter -->
<testsuite hostname="DESKTOP-OB8BAPB" failures="0" tests="1" name="com.basics.testNG.Test_Annotations" time="22.182" errors="0" timestamp="2023-08-07T11:30:30 IST" skipped="0">
  <testcase classname="com.basics.testNG.Test_Annotations" name="NestedFrames" time="22.182"/>
  <system-out/>
</testsuite> <!-- com.basics.testNG.Test_Annotations -->
