<?xml version="1.0" encoding="UTF-8"?>
<!-- Generated by org.testng.reporters.JUnitReportReporter -->
<testsuite hostname="DESKTOP-OB8BAPB" failures="0" tests="2" name="com.testNG.TestNG_Prallel_Inv_SizePool_Attributes" time="9.931" errors="0" timestamp="2023-08-10T11:43:30 IST" skipped="0">
  <testcase classname="com.testNG.TestNG_Prallel_Inv_SizePool_Attributes" name="launchGoogle" time="4.930"/>
  <testcase classname="com.testNG.TestNG_Prallel_Inv_SizePool_Attributes" name="launchGoogle" time="5.001"/>
</testsuite> <!-- com.testNG.TestNG_Prallel_Inv_SizePool_Attributes -->
