<?xml version="1.0" encoding="UTF-8"?>
<!-- Generated by org.testng.reporters.JUnitReportReporter -->
<testsuite hostname="DESKTOP-OB8BAPB" failures="0" tests="4" name="com.testNG.ReadExcelByDataProvider" time="29.773" errors="0" timestamp="2023-08-16T16:58:26 IST" skipped="0">
  <testcase classname="com.testNG.ReadExcelByDataProvider" name="fetchData" time="7.096"/>
  <testcase classname="com.testNG.ReadExcelByDataProvider" name="fetchData" time="6.978"/>
  <testcase classname="com.testNG.ReadExcelByDataProvider" name="fetchData" time="8.904"/>
  <testcase classname="com.testNG.ReadExcelByDataProvider" name="fetchData" time="6.795"/>
</testsuite> <!-- com.testNG.ReadExcelByDataProvider -->
