<?xml version="1.0" encoding="UTF-8"?>
<!-- Generated by org.testng.reporters.JUnitReportReporter -->
<testsuite hostname="DESKTOP-OB8BAPB" failures="0" tests="1" name="com.Assingment.discount_goo" time="0.044" errors="0" timestamp="2023-08-08T16:08:35 IST" skipped="0">
  <testcase classname="com.Assingment.discount_goo" name="testVegetableDiscount" time="0.044"/>
</testsuite> <!-- com.Assingment.discount_goo -->
