<?xml version="1.0" encoding="UTF-8"?>
<!-- Generated by org.testng.reporters.JUnitReportReporter -->
<testsuite hostname="DESKTOP-OB8BAPB" failures="0" tests="1" name="com.basics.testNG.Test_Calender" time="11.797" errors="0" timestamp="2023-08-07T11:33:28 IST" skipped="0">
  <testcase classname="com.basics.testNG.Test_Calender" name="calender" time="11.797"/>
  <system-out/>
</testsuite> <!-- com.basics.testNG.Test_Calender -->
