<?xml version="1.0" encoding="UTF-8"?>
<!-- Generated by org.testng.reporters.JUnitReportReporter -->
<testsuite hostname="DESKTOP-OB8BAPB" failures="0" tests="1" name="com.testNG.TestNG_Parameterization" time="8.836" errors="0" timestamp="2023-08-10T12:19:36 IST" skipped="0">
  <testcase classname="com.testNG.TestNG_Parameterization" name="dataParamerizationUsingParameter" time="8.836"/>
</testsuite> <!-- com.testNG.TestNG_Parameterization -->
