<?xml version="1.0" encoding="UTF-8"?>
<!-- Generated by org.testng.reporters.JUnitReportReporter -->
<testsuite hostname="DESKTOP-OB8BAPB" failures="0" tests="3" name="com.basics.testNG.TestNg_Annotations" time="0.023" errors="0" timestamp="2023-08-07T12:39:23 IST" skipped="0">
  <testcase classname="com.basics.testNG.TestNg_Annotations" name="Method1" time="0.013"/>
  <testcase classname="com.basics.testNG.TestNg_Annotations" name="Method2" time="0.004"/>
  <testcase classname="com.basics.testNG.TestNg_Annotations" name="Method3" time="0.006"/>
</testsuite> <!-- com.basics.testNG.TestNg_Annotations -->
