<?xml version="1.0" encoding="UTF-8"?>
<!-- Generated by org.testng.reporters.JUnitReportReporter -->
<testsuite hostname="DESKTOP-OB8BAPB" failures="0" tests="3" name="com.basics.testNG.Assertions" time="5.857" errors="0" timestamp="2023-08-08T11:48:49 IST" skipped="2">
  <testcase classname="com.basics.testNG.Assertions" name="assTrueCon" time="5.857"/>
  <testcase classname="com.basics.testNG.Assertions" name="assEqual">
    <skipped/>
  </testcase> <!-- assEqual -->
  <testcase classname="com.basics.testNG.Assertions" name="assNotEquals">
    <skipped/>
  </testcase> <!-- assNotEquals -->
</testsuite> <!-- com.basics.testNG.Assertions -->
