<?xml version="1.0" encoding="UTF-8"?>
<!-- Generated by org.testng.reporters.JUnitReportReporter -->
<testsuite hostname="DESKTOP-OB8BAPB" failures="0" tests="4" name="com.basics.testNG.TestNG_Attributes" time="0.015" errors="0" timestamp="2023-08-08T10:51:54 IST" skipped="1">
  <testcase classname="com.basics.testNG.TestNG_Attributes" name="sendmail" time="0.003"/>
  <testcase classname="com.basics.testNG.TestNG_Attributes" name="signup" time="0.011"/>
  <testcase classname="com.basics.testNG.TestNG_Attributes" name="login" time="0.001"/>
  <testcase classname="com.basics.testNG.TestNG_Attributes" name="inbox">
    <skipped/>
  </testcase> <!-- inbox -->
</testsuite> <!-- com.basics.testNG.TestNG_Attributes -->
