<?xml version="1.0" encoding="UTF-8"?>
<!-- Generated by org.testng.reporters.JUnitReportReporter -->
<testsuite hostname="DESKTOP-OB8BAPB" failures="0" tests="3" name="com.testNG.TestNg_DataProvider" time="20.914" errors="0" timestamp="2023-08-11T11:16:11 IST" skipped="0">
  <testcase classname="com.testNG.TestNg_DataProvider" name="fetchDATA" time="6.626"/>
  <testcase classname="com.testNG.TestNg_DataProvider" name="fetchDATA" time="6.751"/>
  <testcase classname="com.testNG.TestNg_DataProvider" name="fetchDATA" time="7.537"/>
</testsuite> <!-- com.testNG.TestNg_DataProvider -->
