<?xml version="1.0" encoding="UTF-8"?>
<!-- Generated by org.testng.reporters.JUnitReportReporter -->
<testsuite hostname="DESKTOP-OB8BAPB" failures="0" tests="4" name="com.Assingment.GreenKartDiscount_ForNextPage" time="1.681" errors="0" timestamp="2023-08-09T15:09:46 IST" skipped="0">
  <testcase classname="com.Assingment.GreenKartDiscount_ForNextPage" name="page4" time="0.338"/>
  <testcase classname="com.Assingment.GreenKartDiscount_ForNextPage" name="page1" time="0.486"/>
  <testcase classname="com.Assingment.GreenKartDiscount_ForNextPage" name="page2" time="0.458"/>
  <testcase classname="com.Assingment.GreenKartDiscount_ForNextPage" name="page3" time="0.399"/>
</testsuite> <!-- com.Assingment.GreenKartDiscount_ForNextPage -->
