<?xml version="1.0" encoding="UTF-8"?>
<!-- Generated by org.testng.reporters.JUnitReportReporter -->
<testsuite hostname="DESKTOP-OB8BAPB" failures="0" tests="2" name="com.testNG.TestNg_Group1" time="0.020" errors="0" timestamp="2023-08-09T12:22:34 IST" skipped="0">
  <testcase classname="com.testNG.TestNg_Group1" name="testCase4" time="0.005"/>
  <testcase classname="com.testNG.TestNg_Group1" name="testCase3" time="0.015"/>
</testsuite> <!-- com.testNG.TestNg_Group1 -->
