<?xml version="1.0" encoding="UTF-8"?>
<!-- Generated by org.testng.reporters.JUnitReportReporter -->
<testsuite hostname="DESKTOP-OB8BAPB" failures="0" tests="2" name="com.testNG.TestNG_Parallel1" time="22.189" errors="0" timestamp="2023-08-10T11:27:22 IST" skipped="0">
  <testcase classname="com.testNG.TestNG_Parallel1" name="launchSaucelabs" time="11.191"/>
  <testcase classname="com.testNG.TestNG_Parallel1" name="launchLambdatest" time="10.998"/>
</testsuite> <!-- com.testNG.TestNG_Parallel1 -->
